<?xml version="1.0" encoding="UTF-8"?>
<!-- Generated by org.testng.reporters.JUnitReportReporter -->
<testsuite skipped="0" hostname="Welcome-PC" name="com.seleniumproject.Flightbooking.BookingPage" tests="1" failures="0" timestamp="2020-08-03T19:31:40 IST" time="13.058" errors="0">
  <testcase name="basePageNavigation" time="13.058" classname="com.seleniumproject.Flightbooking.BookingPage"/>
  <system-out/>
</testsuite> <!-- com.seleniumproject.Flightbooking.BookingPage -->
