<?xml version="1.0" encoding="UTF-8"?>
<!-- Generated by org.testng.reporters.JUnitReportReporter -->
<testsuite skipped="0" hostname="Welcome-PC" name="com.seleniumproject.Flightbooking.BookingPageTest" tests="1" failures="0" timestamp="2020-08-05T20:01:01 IST" time="51.603" errors="0">
  <testcase name="basePageNavigation" time="51.603" classname="com.seleniumproject.Flightbooking.BookingPageTest"/>
  <system-out/>
</testsuite> <!-- com.seleniumproject.Flightbooking.BookingPageTest -->
