<?xml version="1.0" encoding="UTF-8"?>
<!-- Generated by org.testng.reporters.JUnitReportReporter -->
<testsuite skipped="0" hostname="Welcome-PC" name="com.seleniumproject.Flightbooking.SelTest" tests="2" failures="0" timestamp="2020-08-02T21:43:17 IST" time="0.015" errors="0">
  <testcase name="BrowserAutomation" time="0.013" classname="com.seleniumproject.Flightbooking.SelTest"/>
  <system-out/>
  <testcase name="elementsUi" time="0.002" classname="com.seleniumproject.Flightbooking.SelTest"/>
  <system-out/>
</testsuite> <!-- com.seleniumproject.Flightbooking.SelTest -->
